d:\myworks\visualstudioprojects\laboratorywok04\engine\debug\vc140.pdb
d:\myworks\visualstudioprojects\laboratorywok04\engine\debug\vc140.idb
d:\myworks\visualstudioprojects\laboratorywok04\engine\debug\initglew.obj
d:\myworks\visualstudioprojects\laboratorywok04\engine\debug\initglut.obj
d:\myworks\visualstudioprojects\laboratorywok04\engine\debug\customengine.obj
d:\myworks\visualstudioprojects\laboratorywok04\engine\debug\model.obj
d:\myworks\visualstudioprojects\laboratorywok04\engine\debug\dumbbellmodel.obj
d:\myworks\visualstudioprojects\laboratorywok04\engine\debug\main.obj
d:\myworks\visualstudioprojects\laboratorywok04\engine\debug\scenemanager.obj
d:\myworks\visualstudioprojects\laboratorywok04\engine\debug\shadermanager.obj
d:\myworks\visualstudioprojects\laboratorywok04\engine\debug\modelmanager.obj
d:\myworks\visualstudioprojects\laboratorywok04\engine\debug\sphere.obj
d:\myworks\visualstudioprojects\laboratorywok04\engine\debug\triangle.obj
d:\myworks\visualstudioprojects\laboratorywok04\debug\laboratorywork04.ilk
d:\myworks\visualstudioprojects\laboratorywok04\debug\laboratorywork04.exe
d:\myworks\visualstudioprojects\laboratorywok04\debug\laboratorywork04.pdb
d:\myworks\visualstudioprojects\laboratorywok04\engine\debug\laboratorywork04.tlog\cl.command.1.tlog
d:\myworks\visualstudioprojects\laboratorywok04\engine\debug\laboratorywork04.tlog\cl.read.1.tlog
d:\myworks\visualstudioprojects\laboratorywok04\engine\debug\laboratorywork04.tlog\cl.write.1.tlog
d:\myworks\visualstudioprojects\laboratorywok04\engine\debug\laboratorywork04.tlog\link.command.1.tlog
d:\myworks\visualstudioprojects\laboratorywok04\engine\debug\laboratorywork04.tlog\link.read.1.tlog
d:\myworks\visualstudioprojects\laboratorywok04\engine\debug\laboratorywork04.tlog\link.write.1.tlog
